[02/15/2026 21:35:42][INFO]:	Reading UID database.
[02/15/2026 21:35:42][INFO]:	Start loading STAAD model.
[02/15/2026 21:35:42][INFO]:	Reading model file.
[02/15/2026 21:35:42][INFO]:	Reading model file is complete.
[02/15/2026 21:35:42][INFO]:	Processing support.
[02/15/2026 21:35:42][INFO]:	Processing springs.
[02/15/2026 21:35:43][INFO]:	Processing properties.
[02/15/2026 21:35:43][INFO]:	Processing physical properties.
[02/15/2026 21:35:43][INFO]:	Processing constants.
[02/15/2026 21:35:43][INFO]:	Processing BETA constants.
[02/15/2026 21:35:43][INFO]:	Processing hidden analytical member loads.
[02/15/2026 21:35:43][INFO]:	Processing command list for member release.
[02/15/2026 21:35:43][INFO]:	Processing command list for member offset.
[02/15/2026 21:35:43][INFO]:	Processing command list for member specs (cracked).
[02/15/2026 21:35:43][INFO]:	Processing command list for member specs (axial).
[02/15/2026 21:35:43][INFO]:	Processing command list for element release.
[02/15/2026 21:35:43][INFO]:	Processing command list for element offset.
[02/15/2026 21:35:43][INFO]:	Processing command list for element plate stress directive.
[02/15/2026 21:35:43][INFO]:	Processing parameter for Chinese wind load case.
[02/15/2026 21:35:43][INFO]:	End Processing command list.
[02/15/2026 21:35:43][INFO]:	End loading STAAD model.
[02/15/2026 21:35:43][INFO]:	Start Post Analysis method
[02/15/2026 21:35:43][INFO]:	Removed all hidden plates from surfaces
[02/15/2026 21:35:43][INFO]:	Removed all hidden plates
[02/15/2026 21:35:43][INFO]:	Removed all hidden nodes
[02/15/2026 21:35:43][INFO]:	Loading results from MSH file...
[02/15/2026 21:35:43][INFO]:	Building result indices...
[02/15/2026 21:35:43][INFO]:	Loading plate stress results...
[02/15/2026 21:35:43][INFO]:	Set analysis report setup data
[02/15/2026 21:35:43][INFO]:	Starting page setup...
[02/15/2026 21:35:43][INFO]:	Page setup completed
[02/15/2026 21:35:43][INFO]:	Setting available workflows...
[02/15/2026 21:35:43][INFO]:	Post analysis method ends
