[02/15/2026 20:47:07][INFO]:	Reading UID database.
[02/15/2026 20:47:07][INFO]:	Start loading STAAD model.
[02/15/2026 20:47:07][INFO]:	Reading model file.
[02/15/2026 20:47:07][INFO]:	Reading model file is complete.
[02/15/2026 20:47:07][INFO]:	Processing support.
[02/15/2026 20:47:07][INFO]:	Processing springs.
[02/15/2026 20:47:07][INFO]:	Processing properties.
[02/15/2026 20:47:07][INFO]:	Processing physical properties.
[02/15/2026 20:47:07][INFO]:	Processing constants.
[02/15/2026 20:47:07][INFO]:	Processing BETA constants.
[02/15/2026 20:47:07][INFO]:	Processing hidden analytical member loads.
[02/15/2026 20:47:07][INFO]:	Processing command list for member release.
[02/15/2026 20:47:07][INFO]:	Processing command list for member offset.
[02/15/2026 20:47:07][INFO]:	Processing command list for member specs (cracked).
[02/15/2026 20:47:07][INFO]:	Processing command list for member specs (axial).
[02/15/2026 20:47:07][INFO]:	Processing command list for element release.
[02/15/2026 20:47:07][INFO]:	Processing command list for element offset.
[02/15/2026 20:47:07][INFO]:	Processing command list for element plate stress directive.
[02/15/2026 20:47:07][INFO]:	Processing parameter for Chinese wind load case.
[02/15/2026 20:47:07][INFO]:	End Processing command list.
[02/15/2026 20:47:07][INFO]:	End loading STAAD model.
